[0.772s] Invoking command in '/home/cameron/Research/swarm/ws/src/control': PYTHONPATH=/home/cameron/Research/swarm/ws/build/control/prefix_override:/usr/lib/python3/dist-packages/colcon_core/task/python/colcon_distutils_commands:/home/cameron/Research/swarm/ws/install/control/lib/python3.10/site-packages:${PYTHONPATH} /usr/bin/python3 -W ignore:setup.py install is deprecated -W ignore:easy_install command is deprecated setup.py egg_info --egg-base ../../build/control build --build-base /home/cameron/Research/swarm/ws/build/control/build install --record /home/cameron/Research/swarm/ws/build/control/install.log --single-version-externally-managed install_data
[1.005s] running egg_info
[1.021s] writing ../../build/control/control.egg-info/PKG-INFO
[1.022s] writing dependency_links to ../../build/control/control.egg-info/dependency_links.txt
[1.022s] writing entry points to ../../build/control/control.egg-info/entry_points.txt
[1.022s] writing requirements to ../../build/control/control.egg-info/requires.txt
[1.022s] writing top-level names to ../../build/control/control.egg-info/top_level.txt
[1.056s] reading manifest file '../../build/control/control.egg-info/SOURCES.txt'
[1.056s] writing manifest file '../../build/control/control.egg-info/SOURCES.txt'
[1.057s] running build
[1.057s] running build_py
[1.057s] copying control/teleop.py -> /home/cameron/Research/swarm/ws/build/control/build/lib/control
[1.057s] running install
[1.064s] running install_lib
[1.081s] copying /home/cameron/Research/swarm/ws/build/control/build/lib/control/teleop.py -> /home/cameron/Research/swarm/ws/install/control/lib/python3.10/site-packages/control
[1.082s] byte-compiling /home/cameron/Research/swarm/ws/install/control/lib/python3.10/site-packages/control/teleop.py to teleop.cpython-310.pyc
[1.083s] running install_data
[1.083s] running install_egg_info
[1.101s] removing '/home/cameron/Research/swarm/ws/install/control/lib/python3.10/site-packages/control-0.0.0-py3.10.egg-info' (and everything under it)
[1.101s] Copying ../../build/control/control.egg-info to /home/cameron/Research/swarm/ws/install/control/lib/python3.10/site-packages/control-0.0.0-py3.10.egg-info
[1.102s] running install_scripts
[1.258s] Installing teleop script to /home/cameron/Research/swarm/ws/install/control/lib/control
[1.259s] writing list of installed files to '/home/cameron/Research/swarm/ws/build/control/install.log'
[1.280s] Invoked command in '/home/cameron/Research/swarm/ws/src/control' returned '0': PYTHONPATH=/home/cameron/Research/swarm/ws/build/control/prefix_override:/usr/lib/python3/dist-packages/colcon_core/task/python/colcon_distutils_commands:/home/cameron/Research/swarm/ws/install/control/lib/python3.10/site-packages:${PYTHONPATH} /usr/bin/python3 -W ignore:setup.py install is deprecated -W ignore:easy_install command is deprecated setup.py egg_info --egg-base ../../build/control build --build-base /home/cameron/Research/swarm/ws/build/control/build install --record /home/cameron/Research/swarm/ws/build/control/install.log --single-version-externally-managed install_data
